<?xml version="1.0" encoding="UTF-8"?>
<testsuite xmlns:xsi="http://www.w3.org/2001/XMLSchema-instance" xsi:noNamespaceSchemaLocation="https://maven.apache.org/surefire/maven-surefire-plugin/xsd/surefire-test-report-3.0.xsd" version="3.0" name="org.bpmnparser.ModelParserTest" time="1.304" tests="14" errors="0" skipped="0" failures="0">
  <properties>
[...]
</properties>
  <testcase name="test01" classname="org.bpmnparser.ModelParserTest" time="0.605">
    <system-out><![CDATA[Model 01: Workflow{name='null', id='null', version='null', documentation='null', type='null', subtype='null', stages=[], activities=[ActivityNode{abbreviation='ST-AC1', name='Task 1', conclusions=[]}, ActivityNode{abbreviation='ST-AC2', name='Task 2', conclusions=[]}], inconsistencies=[], rules=[WorkflowRule{type='1', source='null', target='ST-AC1', conclusion='null', processStatus='NEW'}, WorkflowRule{type='7', source='ST-AC2', target='null', conclusion='null', processStatus='END'}, WorkflowRule{type='2', source='ST-AC1', target='ST-AC2', conclusion='null', processStatus='null'}]}
]]></system-out>
  </testcase>
  <testcase name="test02" classname="org.bpmnparser.ModelParserTest" time="0.004"/>
  <testcase name="test03" classname="org.bpmnparser.ModelParserTest" time="0.005"/>
  <testcase name="test04" classname="org.bpmnparser.ModelParserTest" time="0.005"/>
  <testcase name="test05" classname="org.bpmnparser.ModelParserTest" time="0.075">
    <system-out><![CDATA[Model 02: Workflow{name='null', id='null', version='null', documentation='null', type='null', subtype='null', stages=[], activities=[], inconsistencies=[Inconsistency{type=10, description='Missing extension property 'stage' in element Activity_0giqqwu'}, Inconsistency{type=11, description='Missing extension property 'activity' in element Activity_0giqqwu'}, Inconsistency{type=12, description='Missing extension property 'process_status' in element Event_1j1iv9l'}, Inconsistency{type=12, description='Missing extension property 'process_status' in element StartEvent_1'}], rules=[]}
]]></system-out>
  </testcase>
  <testcase name="test06" classname="org.bpmnparser.ModelParserTest" time="0.072">
    <system-out><![CDATA[Model 03: Workflow{name='null', id='null', version='null', documentation='null', type='null', subtype='null', stages=[], activities=[ActivityNode{abbreviation='ST-AC1', name='Task 1', conclusions=[Conclusion{code='03', name='Conclusion 03'}, Conclusion{code='01', name='Conclusion 01'}, Conclusion{code='02', name='Conclusion 02'}]}, ActivityNode{abbreviation='ST-AC2', name='Task 2', conclusions=[]}], inconsistencies=[], rules=[WorkflowRule{type='1', source='null', target='ST-AC1', conclusion='null', processStatus='NEW'}, WorkflowRule{type='7', source='ST-AC2', target='null', conclusion='null', processStatus='END'}, WorkflowRule{type='5', source='ST-AC1', target='ST-AC1', conclusion='03', processStatus='null'}, WorkflowRule{type='5', source='ST-AC1', target='ST-AC2', conclusion='01', processStatus='null'}, WorkflowRule{type='8', source='ST-AC1', target='null', conclusion='02', processStatus='END'}]}
]]></system-out>
  </testcase>
  <testcase name="test07" classname="org.bpmnparser.ModelParserTest" time="0.003"/>
  <testcase name="test08" classname="org.bpmnparser.ModelParserTest" time="0.003"/>
  <testcase name="test09" classname="org.bpmnparser.ModelParserTest" time="0.073">
    <system-out><![CDATA[Model 04: Workflow{name='null', id='null', version='null', documentation='null', type='null', subtype='null', stages=[], activities=[ActivityNode{abbreviation='ST-AC1', name='Task 1', conclusions=[]}, ActivityNode{abbreviation='ST-AC2', name='Task 2', conclusions=[]}], inconsistencies=[Inconsistency{type=14, description='Missing extension property 'conclusion' in element Flow_0l9hopg'}, Inconsistency{type=14, description='Missing extension property 'conclusion' in element Flow_0g77gwm'}, Inconsistency{type=14, description='Missing extension property 'conclusion' in element Flow_0dlwvbu'}], rules=[WorkflowRule{type='1', source='null', target='ST-AC1', conclusion='null', processStatus='NEW'}, WorkflowRule{type='7', source='ST-AC2', target='null', conclusion='null', processStatus='END'}]}
]]></system-out>
  </testcase>
  <testcase name="test10" classname="org.bpmnparser.ModelParserTest" time="0.093">
    <system-out><![CDATA[Model 05: Workflow{name='null', id='Process_18j48za', version='null', documentation='null', type='null', subtype='null', stages=[], activities=[ActivityNode{abbreviation='ST-AC1', name='Task 1', conclusions=[Conclusion{code='03', name='Conclusion 03'}, Conclusion{code='01', name='Conclusion 01'}, Conclusion{code='02', name='Conclusion 02'}]}, ActivityNode{abbreviation='ST-AC2', name='Task 2', conclusions=[]}], inconsistencies=[Inconsistency{type=1, description='Missing attribute 'Name' in element Participant_1v3ebpk'}, Inconsistency{type=3, description='Missing attribute 'Version tag' in element Participant_1v3ebpk'}, Inconsistency{type=101, description='At least one nested element 'Documentation' is required in element Participant_1v3ebpk'}, Inconsistency{type=5, description='Missing extension property 'process_type' in element Participant_1v3ebpk'}, Inconsistency{type=6, description='Missing extension property 'process_subtype' in element Participant_1v3ebpk'}, Inconsistency{type=102, description='At least one element 'Lane' is required'}], rules=[WorkflowRule{type='1', source='null', target='ST-AC1', conclusion='null', processStatus='NEW'}, WorkflowRule{type='5', source='ST-AC1', target='ST-AC1', conclusion='03', processStatus='null'}, WorkflowRule{type='7', source='ST-AC2', target='null', conclusion='null', processStatus='END'}, WorkflowRule{type='8', source='ST-AC1', target='null', conclusion='02', processStatus='END'}, WorkflowRule{type='5', source='ST-AC1', target='ST-AC2', conclusion='01', processStatus='null'}]}
]]></system-out>
  </testcase>
  <testcase name="test11" classname="org.bpmnparser.ModelParserTest" time="0.055">
    <system-out><![CDATA[Model 06: Workflow{name='Participant Name', id='Process_18j48za', version='1.0', documentation='Process documentation', type='PT', subtype='PST', stages=[], activities=[ActivityNode{abbreviation='ST-AC1', name='Task 1', conclusions=[Conclusion{code='03', name='Conclusion 03'}, Conclusion{code='02', name='Conclusion 02'}]}], inconsistencies=[Inconsistency{type=7, description='Missing extension property 'stage' in element Lane_1exak07'}, Inconsistency{type=8, description='Missing attribute 'name' in element Lane_1exak07'}, Inconsistency{type=7, description='Missing extension property 'stage' in element Lane_1a28ei2'}, Inconsistency{type=8, description='Missing attribute 'name' in element Lane_1a28ei2'}, Inconsistency{type=9, description='Missing attribute 'name' in element Activity_0fcry4u'}, Inconsistency{type=13, description='Missing attribute 'name' in element Flow_0g77gwm'}], rules=[WorkflowRule{type='1', source='null', target='ST-AC1', conclusion='null', processStatus='NEW'}, WorkflowRule{type='5', source='ST-AC1', target='ST-AC1', conclusion='03', processStatus='null'}, WorkflowRule{type='8', source='ST-AC1', target='null', conclusion='02', processStatus='END'}, WorkflowRule{type='7', source='null', target='null', conclusion='null', processStatus='END'}]}
]]></system-out>
  </testcase>
  <testcase name="test12" classname="org.bpmnparser.ModelParserTest" time="0.045">
    <system-out><![CDATA[Model 07: Workflow{name='null', id='Process_18j48za', version='null', documentation='null', type='PT', subtype='PST', stages=[], activities=[ActivityNode{abbreviation='ST-AC1', name='Task 1', conclusions=[Conclusion{code='03', name='Conclusion 03'}, Conclusion{code='01', name='null'}, Conclusion{code='02', name='Conclusion 02'}]}, ActivityNode{abbreviation='ST-AC2', name='null', conclusions=[]}], inconsistencies=[], rules=[WorkflowRule{type='1', source='null', target='ST-AC1', conclusion='null', processStatus='NEW'}, WorkflowRule{type='5', source='ST-AC1', target='ST-AC1', conclusion='03', processStatus='null'}, WorkflowRule{type='5', source='ST-AC1', target='ST-AC2', conclusion='01', processStatus='null'}, WorkflowRule{type='8', source='ST-AC1', target='null', conclusion='02', processStatus='END'}, WorkflowRule{type='7', source='ST-AC2', target='null', conclusion='null', processStatus='END'}]}
]]></system-out>
  </testcase>
  <testcase name="test13" classname="org.bpmnparser.ModelParserTest" time="0.16">
    <system-out><![CDATA[Model 08: Workflow{name='RDCT - Outros Danos', id='Process_321', version='1.0.0', documentation='Processo de ressarcimento de danos causados por terceiros RDCT, tipo Outros Danos.', type='RD', subtype='ODN', stages=[Lane{name='Arrecadação', code='null', documentation='null'}, Lane{name='Faturamento', code='null', documentation='null'}, Lane{name='Revisão da Negociação', code='null', documentation='null'}, Lane{name='Aprovação de Negociação', code='null', documentation='null'}, Lane{name='Orçamento', code='null', documentation='null'}, Lane{name='Triagem', code='TR', documentation='null'}, Lane{name='Cobrança', code='null', documentation='null'}], activities=[ActivityNode{abbreviation='TR-ADR', name='TR-ADR: Analisar dados do RDCT novo', conclusions=[Conclusion{code='02', name='Dados Pendentes'}, Conclusion{code='03', name='Orçamento'}, Conclusion{code='01', name='Responsável não identificado'}]}, ActivityNode{abbreviation='OR-ORC', name='OR-ORC: Orçar custos de obras e manutenção', conclusions=[Conclusion{code='02', name='Custos PID'}, Conclusion{code='03', name='Cobrança'}, Conclusion{code='01', name='Dados Pendentes'}]}, ActivityNode{abbreviation='OR-PID', name='OR-PID: Aguardar Dados do PID', conclusions=[Conclusion{code='02', name='Cobrança'}, Conclusion{code='01', name='Dados Pendentes'}]}, ActivityNode{abbreviation='CO-NOT', name='CO-NOT: Notificar Responsável pelos Danos', conclusions=[Conclusion{code='01', name='Dados Pendentes'}, Conclusion{code='02', name='Envio da notificação'}]}, ActivityNode{abbreviation='CO-NEG', name='CO-NEG: Negociar Débitos Orçados', conclusions=[Conclusion{code='02', name='Pedido da aprovação'}, Conclusion{code='01', name='Envio do TCD ou TQD'}, Conclusion{code='03', name='Negociação sem sucesso'}]}, ActivityNode{abbreviation='AP-NEG', name='AP-NEG: Aprovar Negociação', conclusions=[Conclusion{code='01', name='Negociação aprovada'}, Conclusion{code='02', name='Negociação rejeitada'}, Conclusion{code='03', name='Aprovação preliminar'}]}, ActivityNode{abbreviation='CO-TER', name='CO-TER: Enviar Termo de Negociação', conclusions=[Conclusion{code='02', name='Negociação sem sucesso'}, Conclusion{code='01', name='Emissão de boletos'}]}, ActivityNode{abbreviation='RV-NEG', name='RV-NEG: Revisar Negocição', conclusions=[Conclusion{code='01', name='Encerrar por falta de negociação'}, Conclusion{code='02', name='Cobrança Judicial'}]}, ActivityNode{abbreviation='FT-FAT', name='FT-FAT: Emitir Faturas', conclusions=[Conclusion{code='01', name='Fatura não emitida'}, Conclusion{code='02', name='Fatura emitida'}, Conclusion{code='03', name='Teste final'}]}, ActivityNode{abbreviation='AG-PAG', name='Aguardando pagamento', conclusions=[Conclusion{code='03', name='Pagamento parcial'}, Conclusion{code='01', name='Pagamento efetivado'}, Conclusion{code='02', name='Encaminhar para cobrança judicial'}]}, ActivityNode{abbreviation='TR-ODO', name='TR-ODO: Obter dados obrigatórios', conclusions=[]}, ActivityNode{abbreviation='TR-NEW', name='TR-NEW: Task', conclusions=[Conclusion{code='02', name='null'}, Conclusion{code='01', name='Responsável não identificado'}]}, ActivityNode{abbreviation='RV-NEW', name='RV-NEW', conclusions=[]}, ActivityNode{abbreviation='RV-FIM', name='RV-FIM', conclusions=[]}], inconsistencies=[], rules=[WorkflowRule{type='1', source='null', target='TR-ADR', conclusion='null', processStatus='NV'}, WorkflowRule{type='8', source='TR-ADR', target='null', conclusion='01', processStatus='EN'}, WorkflowRule{type='6', source='TR-ADR', target='OR-ORC', conclusion='03', processStatus='null'}, WorkflowRule{type='6', source='TR-ADR', target='TR-ODO', conclusion='02', processStatus='null'}, WorkflowRule{type='6', source='TR-NEW', target='OR-ORC', conclusion='02', processStatus='null'}, WorkflowRule{type='6', source='OR-ORC', target='CO-NOT', conclusion='03', processStatus='null'}, WorkflowRule{type='6', source='OR-ORC', target='TR-ODO', conclusion='01', processStatus='null'}, WorkflowRule{type='5', source='OR-ORC', target='OR-PID', conclusion='02', processStatus='null'}, WorkflowRule{type='8', source='TR-NEW', target='null', conclusion='01', processStatus='EN'}, WorkflowRule{type='6', source='OR-PID', target='TR-ODO', conclusion='01', processStatus='null'}, WorkflowRule{type='6', source='OR-PID', target='CO-NOT', conclusion='02', processStatus='null'}, WorkflowRule{type='6', source='RV-NEG', target='CO-NOT', conclusion='02', processStatus='null'}, WorkflowRule{type='6', source='AG-PAG', target='CO-NOT', conclusion='02', processStatus='null'}, WorkflowRule{type='6', source='CO-NOT', target='TR-ODO', conclusion='01', processStatus='null'}, WorkflowRule{type='5', source='CO-NOT', target='CO-NEG', conclusion='02', processStatus='null'}, WorkflowRule{type='5', source='CO-NEG', target='AP-NEG', conclusion='02', processStatus='null'}, WorkflowRule{type='6', source='CO-NEG', target='CO-TER', conclusion='01', processStatus='null'}, WorkflowRule{type='5', source='CO-NEG', target='RV-NEW', conclusion='03', processStatus='null'}, WorkflowRule{type='5', source='AP-NEG', target='AP-NEG', conclusion='03', processStatus='null'}, WorkflowRule{type='6', source='CO-TER', target='RV-NEG', conclusion='02', processStatus='null'}, WorkflowRule{type='5', source='CO-TER', target='FT-FAT', conclusion='01', processStatus='null'}, WorkflowRule{type='6', source='AP-NEG', target='RV-NEG', conclusion='02', processStatus='null'}, WorkflowRule{type='6', source='AP-NEG', target='CO-TER', conclusion='01', processStatus='null'}, WorkflowRule{type='8', source='RV-NEG', target='null', conclusion='01', processStatus='EN'}, WorkflowRule{type='8', source='FT-FAT', target='null', conclusion='01', processStatus='EN'}, WorkflowRule{type='5', source='FT-FAT', target='AG-PAG', conclusion='02', processStatus='null'}, WorkflowRule{type='5', source='AG-PAG', target='AG-PAG', conclusion='03', processStatus='null'}, WorkflowRule{type='8', source='AG-PAG', target='null', conclusion='01', processStatus='EN'}, WorkflowRule{type='2', source='TR-ODO', target='TR-NEW', conclusion='null', processStatus='null'}, WorkflowRule{type='4', source='RV-NEW', target='RV-NEG', conclusion='null', processStatus='null'}, WorkflowRule{type='5', source='FT-FAT', target='RV-FIM', conclusion='03', processStatus='null'}, WorkflowRule{type='7', source='RV-FIM', target='null', conclusion='null', processStatus='EN'}]}
]]></system-out>
  </testcase>
  <testcase name="test14" classname="org.bpmnparser.ModelParserTest" time="0.046">
    <system-out><![CDATA[Model 09: Workflow{name='Participant 1', id='Process_18j48za', version='1.0', documentation='Process documentation', type='PT', subtype='PST', stages=[Lane{name='Lane B', code='B', documentation='null'}, Lane{name='Lane A', code='A', documentation='null'}, Lane{name='Lane C', code='C', documentation='null'}], activities=[ActivityNode{abbreviation='ST-AC1', name='Task 1', conclusions=[Conclusion{code='03', name='Conclusion 03'}, Conclusion{code='01', name='Conclusion 01'}, Conclusion{code='02', name='Conclusion 02'}]}, ActivityNode{abbreviation='ST-AC3', name='Task 3', conclusions=[]}, ActivityNode{abbreviation='ST-AC2', name='Task 2', conclusions=[]}, ActivityNode{abbreviation='ST-AC4', name='Task 4', conclusions=[]}], inconsistencies=[], rules=[WorkflowRule{type='1', source='null', target='ST-AC1', conclusion='null', processStatus='NEW'}, WorkflowRule{type='5', source='ST-AC1', target='ST-AC4', conclusion='03', processStatus='null'}, WorkflowRule{type='5', source='ST-AC1', target='ST-AC3', conclusion='02', processStatus='null'}, WorkflowRule{type='5', source='ST-AC1', target='ST-AC2', conclusion='01', processStatus='null'}, WorkflowRule{type='3', source='ST-AC3', target='null', conclusion='null', processStatus='END'}, WorkflowRule{type='3', source='ST-AC4', target='null', conclusion='null', processStatus='END'}, WorkflowRule{type='3', source='ST-AC2', target='null', conclusion='null', processStatus='END'}]}
]]></system-out>
  </testcase>
</testsuite>