<?xml version="1.0" encoding="UTF-8"?>
<testsuite xmlns:xsi="http://www.w3.org/2001/XMLSchema-instance" xsi:noNamespaceSchemaLocation="https://maven.apache.org/surefire/maven-surefire-plugin/xsd/surefire-test-report-3.0.xsd" version="3.0" name="org.bpmnparser.ModelParserTest" time="0.662" tests="14" errors="5" skipped="0" failures="0">
  <properties>
[...]
</properties>
  <testcase name="test01" classname="org.bpmnparser.ModelParserTest" time="0.382">
    <system-out><![CDATA[Model 01: Workflow{name='null', id='null', version='null', documentation='null', type='null', subtype='null', stages=[], activities=[ActivityNode{abbreviation='ST-AC1', name='Task 1', conclusions=[]}, ActivityNode{abbreviation='ST-AC2', name='Task 2', conclusions=[]}], inconsistencies=[], rules=[WorkflowRule{type='1', source='null', target='ST-AC1', conclusion='null', processStatus='NEW'}, WorkflowRule{type='7', source='ST-AC2', target='null', conclusion='null', processStatus='END'}, WorkflowRule{type='2', source='ST-AC1', target='ST-AC2', conclusion='null', processStatus='null'}]}
]]></system-out>
  </testcase>
  <testcase name="test02" classname="org.bpmnparser.ModelParserTest" time="0.003"/>
  <testcase name="test03" classname="org.bpmnparser.ModelParserTest" time="0.001"/>
  <testcase name="test04" classname="org.bpmnparser.ModelParserTest" time="0.001"/>
  <testcase name="test05" classname="org.bpmnparser.ModelParserTest" time="0.031">
    <system-out><![CDATA[Model 02: Workflow{name='null', id='null', version='null', documentation='null', type='null', subtype='null', stages=[], activities=[], inconsistencies=[Inconsistency{type=10, description='Missing extension property 'stage' in element Activity_0giqqwu'}, Inconsistency{type=11, description='Missing extension property 'activity' in element Activity_0giqqwu'}, Inconsistency{type=12, description='Missing extension property 'process_status' in element Event_1j1iv9l'}, Inconsistency{type=12, description='Missing extension property 'process_status' in element StartEvent_1'}], rules=[]}
]]></system-out>
  </testcase>
  <testcase name="test06" classname="org.bpmnparser.ModelParserTest" time="0.039">
    <system-out><![CDATA[Model 03: Workflow{name='null', id='null', version='null', documentation='null', type='null', subtype='null', stages=[], activities=[ActivityNode{abbreviation='ST-AC1', name='Task 1', conclusions=[Conclusion{code='03', name='Conclusion 03'}, Conclusion{code='01', name='Conclusion 01'}, Conclusion{code='02', name='Conclusion 02'}]}, ActivityNode{abbreviation='ST-AC2', name='Task 2', conclusions=[]}], inconsistencies=[], rules=[WorkflowRule{type='1', source='null', target='ST-AC1', conclusion='null', processStatus='NEW'}, WorkflowRule{type='7', source='ST-AC2', target='null', conclusion='null', processStatus='END'}, WorkflowRule{type='5', source='ST-AC1', target='ST-AC1', conclusion='03', processStatus='null'}, WorkflowRule{type='5', source='ST-AC1', target='ST-AC2', conclusion='01', processStatus='null'}, WorkflowRule{type='8', source='ST-AC1', target='null', conclusion='02', processStatus='END'}]}
]]></system-out>
  </testcase>
  <testcase name="test07" classname="org.bpmnparser.ModelParserTest" time="0.003"/>
  <testcase name="test08" classname="org.bpmnparser.ModelParserTest" time="0.001"/>
  <testcase name="test09" classname="org.bpmnparser.ModelParserTest" time="0.028">
    <system-out><![CDATA[Model 04: Workflow{name='null', id='null', version='null', documentation='null', type='null', subtype='null', stages=[], activities=[ActivityNode{abbreviation='ST-AC1', name='Task 1', conclusions=[]}, ActivityNode{abbreviation='ST-AC2', name='Task 2', conclusions=[]}], inconsistencies=[Inconsistency{type=14, description='Missing extension property 'conclusion' in element Flow_0l9hopg'}, Inconsistency{type=14, description='Missing extension property 'conclusion' in element Flow_0g77gwm'}, Inconsistency{type=14, description='Missing extension property 'conclusion' in element Flow_0dlwvbu'}], rules=[WorkflowRule{type='1', source='null', target='ST-AC1', conclusion='null', processStatus='NEW'}, WorkflowRule{type='7', source='ST-AC2', target='null', conclusion='null', processStatus='END'}]}
]]></system-out>
  </testcase>
  <testcase name="test10" classname="org.bpmnparser.ModelParserTest" time="0.03">
    <error message="Cannot invoke &quot;org.bpmnparser.util.ModelProperty.isRequired()&quot; because the return value of &quot;org.bpmnparser.util.BpmnPropertiesLoader.getParticipant(String)&quot; is null" type="java.lang.NullPointerException"><![CDATA[java.lang.NullPointerException: Cannot invoke "org.bpmnparser.util.ModelProperty.isRequired()" because the return value of "org.bpmnparser.util.BpmnPropertiesLoader.getParticipant(String)" is null
	at org.bpmnparser.util.ModelParser.parser(ModelParser.java:92)
	at org.bpmnparser.ModelParserTest.test10(ModelParserTest.java:176)
	at java.base/java.lang.reflect.Method.invoke(Method.java:568)
	at java.base/java.util.ArrayList.forEach(ArrayList.java:1511)
	at java.base/java.util.ArrayList.forEach(ArrayList.java:1511)
]]></error>
  </testcase>
  <testcase name="test11" classname="org.bpmnparser.ModelParserTest" time="0.027">
    <error message="Cannot invoke &quot;org.bpmnparser.util.ModelProperty.isRequired()&quot; because the return value of &quot;org.bpmnparser.util.BpmnPropertiesLoader.getParticipant(String)&quot; is null" type="java.lang.NullPointerException"><![CDATA[java.lang.NullPointerException: Cannot invoke "org.bpmnparser.util.ModelProperty.isRequired()" because the return value of "org.bpmnparser.util.BpmnPropertiesLoader.getParticipant(String)" is null
	at org.bpmnparser.util.ModelParser.parser(ModelParser.java:92)
	at org.bpmnparser.ModelParserTest.test11(ModelParserTest.java:196)
	at java.base/java.lang.reflect.Method.invoke(Method.java:568)
	at java.base/java.util.ArrayList.forEach(ArrayList.java:1511)
	at java.base/java.util.ArrayList.forEach(ArrayList.java:1511)
]]></error>
  </testcase>
  <testcase name="test12" classname="org.bpmnparser.ModelParserTest" time="0.02">
    <error message="Cannot invoke &quot;org.bpmnparser.util.ModelProperty.isRequired()&quot; because the return value of &quot;org.bpmnparser.util.BpmnPropertiesLoader.getParticipant(String)&quot; is null" type="java.lang.NullPointerException"><![CDATA[java.lang.NullPointerException: Cannot invoke "org.bpmnparser.util.ModelProperty.isRequired()" because the return value of "org.bpmnparser.util.BpmnPropertiesLoader.getParticipant(String)" is null
	at org.bpmnparser.util.ModelParser.parser(ModelParser.java:92)
	at org.bpmnparser.ModelParserTest.test12(ModelParserTest.java:216)
	at java.base/java.lang.reflect.Method.invoke(Method.java:568)
	at java.base/java.util.ArrayList.forEach(ArrayList.java:1511)
	at java.base/java.util.ArrayList.forEach(ArrayList.java:1511)
]]></error>
  </testcase>
  <testcase name="test13" classname="org.bpmnparser.ModelParserTest" time="0.033">
    <error message="Cannot invoke &quot;org.bpmnparser.util.ModelProperty.isRequired()&quot; because the return value of &quot;org.bpmnparser.util.BpmnPropertiesLoader.getParticipant(String)&quot; is null" type="java.lang.NullPointerException"><![CDATA[java.lang.NullPointerException: Cannot invoke "org.bpmnparser.util.ModelProperty.isRequired()" because the return value of "org.bpmnparser.util.BpmnPropertiesLoader.getParticipant(String)" is null
	at org.bpmnparser.util.ModelParser.parser(ModelParser.java:92)
	at org.bpmnparser.ModelParserTest.test13(ModelParserTest.java:236)
	at java.base/java.lang.reflect.Method.invoke(Method.java:568)
	at java.base/java.util.ArrayList.forEach(ArrayList.java:1511)
	at java.base/java.util.ArrayList.forEach(ArrayList.java:1511)
]]></error>
  </testcase>
  <testcase name="test14" classname="org.bpmnparser.ModelParserTest" time="0.026">
    <error message="Cannot invoke &quot;org.bpmnparser.util.ModelProperty.isRequired()&quot; because the return value of &quot;org.bpmnparser.util.BpmnPropertiesLoader.getParticipant(String)&quot; is null" type="java.lang.NullPointerException"><![CDATA[java.lang.NullPointerException: Cannot invoke "org.bpmnparser.util.ModelProperty.isRequired()" because the return value of "org.bpmnparser.util.BpmnPropertiesLoader.getParticipant(String)" is null
	at org.bpmnparser.util.ModelParser.parser(ModelParser.java:92)
	at org.bpmnparser.ModelParserTest.test14(ModelParserTest.java:256)
	at java.base/java.lang.reflect.Method.invoke(Method.java:568)
	at java.base/java.util.ArrayList.forEach(ArrayList.java:1511)
	at java.base/java.util.ArrayList.forEach(ArrayList.java:1511)
]]></error>
  </testcase>
</testsuite>